{"/Users/pascal_sun/Google Drive/workplace/Github/MIT-year2/AigleWeb/Project2/sportpartner/app_server/models/db.js":{"path":"/Users/pascal_sun/Google Drive/workplace/Github/MIT-year2/AigleWeb/Project2/sportpartner/app_server/models/db.js","s":{"1":1,"2":1,"3":1,"4":1,"5":1,"6":1,"7":0,"8":1,"9":0,"10":1,"11":0,"12":0,"13":0,"14":1,"15":1,"16":1},"b":{},"f":{"1":1,"2":0,"3":0,"4":0,"5":0},"fnMap":{"1":{"name":"(anonymous_1)","line":12,"loc":{"start":{"line":12,"column":36},"end":{"line":12,"column":48}}},"2":{"name":"(anonymous_2)","line":15,"loc":{"start":{"line":15,"column":31},"end":{"line":15,"column":46}}},"3":{"name":"(anonymous_3)","line":18,"loc":{"start":{"line":18,"column":39},"end":{"line":18,"column":51}}},"4":{"name":"(anonymous_4)","line":22,"loc":{"start":{"line":22,"column":23},"end":{"line":22,"column":46}}},"5":{"name":"(anonymous_5)","line":23,"loc":{"start":{"line":23,"column":30},"end":{"line":23,"column":42}}}},"statementMap":{"1":{"start":{"line":1,"column":0},"end":{"line":1,"column":35}},"2":{"start":{"line":9,"column":0},"end":{"line":9,"column":81}},"3":{"start":{"line":10,"column":0},"end":{"line":10,"column":24}},"4":{"start":{"line":12,"column":0},"end":{"line":14,"column":3}},"5":{"start":{"line":13,"column":4},"end":{"line":13,"column":50}},"6":{"start":{"line":15,"column":0},"end":{"line":17,"column":3}},"7":{"start":{"line":16,"column":4},"end":{"line":16,"column":53}},"8":{"start":{"line":18,"column":0},"end":{"line":20,"column":3}},"9":{"start":{"line":19,"column":4},"end":{"line":19,"column":41}},"10":{"start":{"line":22,"column":0},"end":{"line":27,"column":2}},"11":{"start":{"line":23,"column":4},"end":{"line":26,"column":7}},"12":{"start":{"line":24,"column":8},"end":{"line":24,"column":58}},"13":{"start":{"line":25,"column":12},"end":{"line":25,"column":23}},"14":{"start":{"line":29,"column":0},"end":{"line":29,"column":24}},"15":{"start":{"line":30,"column":0},"end":{"line":30,"column":23}},"16":{"start":{"line":31,"column":0},"end":{"line":31,"column":25}}},"branchMap":{}},"/Users/pascal_sun/Google Drive/workplace/Github/MIT-year2/AigleWeb/Project2/sportpartner/app_server/models/profile.js":{"path":"/Users/pascal_sun/Google Drive/workplace/Github/MIT-year2/AigleWeb/Project2/sportpartner/app_server/models/profile.js","s":{"1":1,"2":1,"3":1},"b":{},"f":{},"fnMap":{},"statementMap":{"1":{"start":{"line":1,"column":0},"end":{"line":1,"column":35}},"2":{"start":{"line":3,"column":0},"end":{"line":11,"column":4}},"3":{"start":{"line":14,"column":0},"end":{"line":14,"column":62}}},"branchMap":{}},"/Users/pascal_sun/Google Drive/workplace/Github/MIT-year2/AigleWeb/Project2/sportpartner/app_server/models/prefer.js":{"path":"/Users/pascal_sun/Google Drive/workplace/Github/MIT-year2/AigleWeb/Project2/sportpartner/app_server/models/prefer.js","s":{"1":1,"2":1,"3":1},"b":{},"f":{},"fnMap":{},"statementMap":{"1":{"start":{"line":1,"column":0},"end":{"line":1,"column":35}},"2":{"start":{"line":3,"column":0},"end":{"line":10,"column":4}},"3":{"start":{"line":12,"column":0},"end":{"line":12,"column":60}}},"branchMap":{}},"/Users/pascal_sun/Google Drive/workplace/Github/MIT-year2/AigleWeb/Project2/sportpartner/app_server/models/comments.js":{"path":"/Users/pascal_sun/Google Drive/workplace/Github/MIT-year2/AigleWeb/Project2/sportpartner/app_server/models/comments.js","s":{"1":1,"2":1,"3":1},"b":{},"f":{},"fnMap":{},"statementMap":{"1":{"start":{"line":1,"column":0},"end":{"line":1,"column":35}},"2":{"start":{"line":3,"column":0},"end":{"line":11,"column":4}},"3":{"start":{"line":13,"column":0},"end":{"line":13,"column":64}}},"branchMap":{}},"/Users/pascal_sun/Google Drive/workplace/Github/MIT-year2/AigleWeb/Project2/sportpartner/app.js":{"path":"/Users/pascal_sun/Google Drive/workplace/Github/MIT-year2/AigleWeb/Project2/sportpartner/app.js","s":{"1":1,"2":1,"3":1,"4":1,"5":1,"6":1,"7":1,"8":1,"9":1,"10":1,"11":1,"12":1,"13":1,"14":1,"15":1,"16":1,"17":1,"18":1,"19":1,"20":1,"21":1,"22":1,"23":1,"24":1,"25":1,"26":1,"27":1,"28":1,"29":1,"30":1,"31":1,"32":1,"33":1,"34":1,"35":1,"36":1,"37":1,"38":2,"39":2,"40":2,"41":1,"42":2,"43":2,"44":2,"45":1},"b":{"1":[2,0]},"f":{"1":2,"2":2},"fnMap":{"1":{"name":"(anonymous_1)","line":54,"loc":{"start":{"line":54,"column":8},"end":{"line":54,"column":33}}},"2":{"name":"(anonymous_2)","line":61,"loc":{"start":{"line":61,"column":8},"end":{"line":61,"column":38}}}},"statementMap":{"1":{"start":{"line":1,"column":0},"end":{"line":1,"column":33}},"2":{"start":{"line":2,"column":0},"end":{"line":2,"column":27}},"3":{"start":{"line":3,"column":0},"end":{"line":3,"column":39}},"4":{"start":{"line":4,"column":0},"end":{"line":4,"column":31}},"5":{"start":{"line":5,"column":0},"end":{"line":5,"column":44}},"6":{"start":{"line":6,"column":0},"end":{"line":6,"column":40}},"7":{"start":{"line":7,"column":0},"end":{"line":7,"column":40}},"8":{"start":{"line":9,"column":0},"end":{"line":9,"column":35}},"9":{"start":{"line":10,"column":0},"end":{"line":10,"column":55}},"10":{"start":{"line":12,"column":0},"end":{"line":12,"column":49}},"11":{"start":{"line":13,"column":0},"end":{"line":13,"column":49}},"12":{"start":{"line":14,"column":0},"end":{"line":14,"column":49}},"13":{"start":{"line":15,"column":0},"end":{"line":15,"column":50}},"14":{"start":{"line":16,"column":0},"end":{"line":16,"column":45}},"15":{"start":{"line":18,"column":0},"end":{"line":18,"column":37}},"16":{"start":{"line":20,"column":0},"end":{"line":20,"column":20}},"17":{"start":{"line":21,"column":0},"end":{"line":21,"column":17}},"18":{"start":{"line":24,"column":0},"end":{"line":24,"column":63}},"19":{"start":{"line":25,"column":0},"end":{"line":25,"column":31}},"20":{"start":{"line":29,"column":0},"end":{"line":29,"column":23}},"21":{"start":{"line":30,"column":0},"end":{"line":30,"column":27}},"22":{"start":{"line":31,"column":0},"end":{"line":31,"column":52}},"23":{"start":{"line":32,"column":0},"end":{"line":32,"column":24}},"24":{"start":{"line":33,"column":0},"end":{"line":33,"column":62}},"25":{"start":{"line":36,"column":0},"end":{"line":36,"column":31}},"26":{"start":{"line":37,"column":0},"end":{"line":37,"column":28}},"27":{"start":{"line":39,"column":0},"end":{"line":39,"column":56}},"28":{"start":{"line":41,"column":0},"end":{"line":41,"column":20}},"29":{"start":{"line":42,"column":0},"end":{"line":42,"column":25}},"30":{"start":{"line":43,"column":0},"end":{"line":43,"column":23}},"31":{"start":{"line":44,"column":0},"end":{"line":44,"column":25}},"32":{"start":{"line":45,"column":0},"end":{"line":45,"column":20}},"33":{"start":{"line":47,"column":0},"end":{"line":47,"column":53}},"34":{"start":{"line":48,"column":0},"end":{"line":48,"column":56}},"35":{"start":{"line":50,"column":0},"end":{"line":50,"column":48}},"36":{"start":{"line":51,"column":0},"end":{"line":51,"column":52}},"37":{"start":{"line":54,"column":0},"end":{"line":58,"column":3}},"38":{"start":{"line":55,"column":2},"end":{"line":55,"column":35}},"39":{"start":{"line":56,"column":2},"end":{"line":56,"column":19}},"40":{"start":{"line":57,"column":2},"end":{"line":57,"column":12}},"41":{"start":{"line":61,"column":0},"end":{"line":69,"column":3}},"42":{"start":{"line":63,"column":2},"end":{"line":63,"column":35}},"43":{"start":{"line":67,"column":2},"end":{"line":67,"column":32}},"44":{"start":{"line":68,"column":2},"end":{"line":68,"column":22}},"45":{"start":{"line":71,"column":0},"end":{"line":71,"column":21}}},"branchMap":{"1":{"line":67,"type":"binary-expr","locations":[{"start":{"line":67,"column":13},"end":{"line":67,"column":23}},{"start":{"line":67,"column":27},"end":{"line":67,"column":30}}]}}},"/Users/pascal_sun/Google Drive/workplace/Github/MIT-year2/AigleWeb/Project2/sportpartner/app_server/routes/index.js":{"path":"/Users/pascal_sun/Google Drive/workplace/Github/MIT-year2/AigleWeb/Project2/sportpartner/app_server/routes/index.js","s":{"1":1,"2":1,"3":1,"4":1,"5":1,"6":1,"7":1,"8":1,"9":1,"10":1,"11":1,"12":1,"13":2,"14":2,"15":1,"16":1,"17":1,"18":0,"19":0,"20":1,"21":1,"22":1,"23":1,"24":1,"25":3,"26":3,"27":0,"28":0,"29":3,"30":2,"31":2,"32":1,"33":1,"34":0,"35":1,"36":1,"37":1,"38":1,"39":1,"40":1,"41":1,"42":0,"43":0,"44":0,"45":0,"46":0,"47":0,"48":0,"49":0,"50":0,"51":0,"52":0,"53":0,"54":0,"55":1},"b":{"1":[1,1],"2":[2,1],"3":[1,0],"4":[0,3],"5":[2,1],"6":[0,1],"7":[0,0],"8":[0,0],"9":[0,0]},"f":{"1":1,"2":1,"3":1,"4":2,"5":1,"6":1,"7":3,"8":3,"9":1,"10":1,"11":1,"12":0,"13":0,"14":0,"15":0},"fnMap":{"1":{"name":"(anonymous_1)","line":9,"loc":{"start":{"line":9,"column":16},"end":{"line":9,"column":35}}},"2":{"name":"(anonymous_2)","line":13,"loc":{"start":{"line":13,"column":20},"end":{"line":13,"column":37}}},"3":{"name":"(anonymous_3)","line":18,"loc":{"start":{"line":18,"column":24},"end":{"line":18,"column":43}}},"4":{"name":"(anonymous_4)","line":23,"loc":{"start":{"line":23,"column":25},"end":{"line":23,"column":50}}},"5":{"name":"(anonymous_5)","line":27,"loc":{"start":{"line":27,"column":82},"end":{"line":27,"column":96}}},"6":{"name":"(anonymous_6)","line":46,"loc":{"start":{"line":46,"column":21},"end":{"line":46,"column":40}}},"7":{"name":"(anonymous_7)","line":52,"loc":{"start":{"line":52,"column":22},"end":{"line":52,"column":47}}},"8":{"name":"(anonymous_8)","line":53,"loc":{"start":{"line":53,"column":33},"end":{"line":53,"column":59}}},"9":{"name":"(anonymous_9)","line":57,"loc":{"start":{"line":57,"column":22},"end":{"line":57,"column":36}}},"10":{"name":"(anonymous_10)","line":72,"loc":{"start":{"line":72,"column":22},"end":{"line":72,"column":41}}},"11":{"name":"(anonymous_11)","line":78,"loc":{"start":{"line":78,"column":20},"end":{"line":78,"column":38}}},"12":{"name":"(anonymous_12)","line":83,"loc":{"start":{"line":83,"column":21},"end":{"line":83,"column":39}}},"13":{"name":"(anonymous_13)","line":87,"loc":{"start":{"line":87,"column":49},"end":{"line":87,"column":72}}},"14":{"name":"(anonymous_14)","line":89,"loc":{"start":{"line":89,"column":58},"end":{"line":89,"column":68}}},"15":{"name":"(anonymous_15)","line":100,"loc":{"start":{"line":100,"column":4},"end":{"line":100,"column":17}}}},"statementMap":{"1":{"start":{"line":1,"column":0},"end":{"line":1,"column":24}},"2":{"start":{"line":2,"column":0},"end":{"line":2,"column":33}},"3":{"start":{"line":3,"column":0},"end":{"line":3,"column":30}},"4":{"start":{"line":5,"column":0},"end":{"line":5,"column":35}},"5":{"start":{"line":6,"column":0},"end":{"line":6,"column":43}},"6":{"start":{"line":9,"column":0},"end":{"line":11,"column":3}},"7":{"start":{"line":10,"column":2},"end":{"line":10,"column":66}},"8":{"start":{"line":13,"column":0},"end":{"line":15,"column":3}},"9":{"start":{"line":14,"column":2},"end":{"line":14,"column":38}},"10":{"start":{"line":18,"column":0},"end":{"line":20,"column":3}},"11":{"start":{"line":19,"column":2},"end":{"line":19,"column":29}},"12":{"start":{"line":23,"column":0},"end":{"line":43,"column":3}},"13":{"start":{"line":24,"column":2},"end":{"line":24,"column":34}},"14":{"start":{"line":25,"column":2},"end":{"line":42,"column":3}},"15":{"start":{"line":27,"column":2},"end":{"line":37,"column":7}},"16":{"start":{"line":28,"column":4},"end":{"line":36,"column":3}},"17":{"start":{"line":30,"column":6},"end":{"line":30,"column":61}},"18":{"start":{"line":34,"column":4},"end":{"line":34,"column":36}},"19":{"start":{"line":35,"column":4},"end":{"line":35,"column":80}},"20":{"start":{"line":40,"column":4},"end":{"line":40,"column":38}},"21":{"start":{"line":41,"column":4},"end":{"line":41,"column":57}},"22":{"start":{"line":46,"column":0},"end":{"line":48,"column":3}},"23":{"start":{"line":47,"column":2},"end":{"line":47,"column":40}},"24":{"start":{"line":52,"column":0},"end":{"line":69,"column":3}},"25":{"start":{"line":53,"column":2},"end":{"line":67,"column":20}},"26":{"start":{"line":54,"column":4},"end":{"line":66,"column":3}},"27":{"start":{"line":54,"column":15},"end":{"line":54,"column":32}},"28":{"start":{"line":54,"column":32},"end":{"line":54,"column":91}},"29":{"start":{"line":55,"column":9},"end":{"line":66,"column":3}},"30":{"start":{"line":55,"column":22},"end":{"line":55,"column":39}},"31":{"start":{"line":55,"column":39},"end":{"line":55,"column":82}},"32":{"start":{"line":57,"column":6},"end":{"line":65,"column":7}},"33":{"start":{"line":58,"column":8},"end":{"line":63,"column":9}},"34":{"start":{"line":59,"column":10},"end":{"line":59,"column":74}},"35":{"start":{"line":62,"column":10},"end":{"line":62,"column":34}},"36":{"start":{"line":72,"column":0},"end":{"line":75,"column":3}},"37":{"start":{"line":73,"column":2},"end":{"line":73,"column":15}},"38":{"start":{"line":74,"column":2},"end":{"line":74,"column":20}},"39":{"start":{"line":78,"column":0},"end":{"line":80,"column":3}},"40":{"start":{"line":79,"column":2},"end":{"line":79,"column":38}},"41":{"start":{"line":83,"column":0},"end":{"line":112,"column":3}},"42":{"start":{"line":85,"column":2},"end":{"line":111,"column":3}},"43":{"start":{"line":86,"column":2},"end":{"line":106,"column":3}},"44":{"start":{"line":87,"column":2},"end":{"line":102,"column":6}},"45":{"start":{"line":88,"column":6},"end":{"line":99,"column":7}},"46":{"start":{"line":89,"column":10},"end":{"line":94,"column":13}},"47":{"start":{"line":90,"column":14},"end":{"line":90,"column":35}},"48":{"start":{"line":91,"column":14},"end":{"line":91,"column":46}},"49":{"start":{"line":92,"column":14},"end":{"line":92,"column":38}},"50":{"start":{"line":97,"column":10},"end":{"line":97,"column":38}},"51":{"start":{"line":98,"column":10},"end":{"line":98,"column":55}},"52":{"start":{"line":101,"column":6},"end":{"line":101,"column":25}},"53":{"start":{"line":105,"column":6},"end":{"line":105,"column":73}},"54":{"start":{"line":110,"column":6},"end":{"line":110,"column":55}},"55":{"start":{"line":115,"column":0},"end":{"line":115,"column":24}}},"branchMap":{"1":{"line":25,"type":"if","locations":[{"start":{"line":25,"column":2},"end":{"line":25,"column":2}},{"start":{"line":25,"column":2},"end":{"line":25,"column":2}}]},"2":{"line":25,"type":"binary-expr","locations":[{"start":{"line":25,"column":7},"end":{"line":25,"column":47}},{"start":{"line":25,"column":51},"end":{"line":25,"column":78}}]},"3":{"line":28,"type":"if","locations":[{"start":{"line":28,"column":4},"end":{"line":28,"column":4}},{"start":{"line":28,"column":4},"end":{"line":28,"column":4}}]},"4":{"line":54,"type":"if","locations":[{"start":{"line":54,"column":4},"end":{"line":54,"column":4}},{"start":{"line":54,"column":4},"end":{"line":54,"column":4}}]},"5":{"line":55,"type":"if","locations":[{"start":{"line":55,"column":9},"end":{"line":55,"column":9}},{"start":{"line":55,"column":9},"end":{"line":55,"column":9}}]},"6":{"line":58,"type":"if","locations":[{"start":{"line":58,"column":8},"end":{"line":58,"column":8}},{"start":{"line":58,"column":8},"end":{"line":58,"column":8}}]},"7":{"line":85,"type":"if","locations":[{"start":{"line":85,"column":2},"end":{"line":85,"column":2}},{"start":{"line":85,"column":2},"end":{"line":85,"column":2}}]},"8":{"line":86,"type":"if","locations":[{"start":{"line":86,"column":2},"end":{"line":86,"column":2}},{"start":{"line":86,"column":2},"end":{"line":86,"column":2}}]},"9":{"line":88,"type":"if","locations":[{"start":{"line":88,"column":6},"end":{"line":88,"column":6}},{"start":{"line":88,"column":6},"end":{"line":88,"column":6}}]}}},"/Users/pascal_sun/Google Drive/workplace/Github/MIT-year2/AigleWeb/Project2/sportpartner/app_server/models/account.js":{"path":"/Users/pascal_sun/Google Drive/workplace/Github/MIT-year2/AigleWeb/Project2/sportpartner/app_server/models/account.js","s":{"1":1,"2":1,"3":1,"4":1,"5":1,"6":1},"b":{},"f":{},"fnMap":{},"statementMap":{"1":{"start":{"line":1,"column":0},"end":{"line":1,"column":35}},"2":{"start":{"line":3,"column":0},"end":{"line":3,"column":29}},"3":{"start":{"line":4,"column":0},"end":{"line":4,"column":63}},"4":{"start":{"line":6,"column":0},"end":{"line":9,"column":2}},"5":{"start":{"line":11,"column":0},"end":{"line":11,"column":38}},"6":{"start":{"line":12,"column":0},"end":{"line":12,"column":51}}},"branchMap":{}},"/Users/pascal_sun/Google Drive/workplace/Github/MIT-year2/AigleWeb/Project2/sportpartner/app_server/routes/users.js":{"path":"/Users/pascal_sun/Google Drive/workplace/Github/MIT-year2/AigleWeb/Project2/sportpartner/app_server/routes/users.js","s":{"1":1,"2":1,"3":1,"4":1,"5":1,"6":1,"7":1,"8":1,"9":1,"10":1,"11":1},"b":{},"f":{},"fnMap":{},"statementMap":{"1":{"start":{"line":1,"column":0},"end":{"line":1,"column":33}},"2":{"start":{"line":2,"column":0},"end":{"line":2,"column":30}},"3":{"start":{"line":3,"column":0},"end":{"line":3,"column":49}},"4":{"start":{"line":4,"column":0},"end":{"line":4,"column":45}},"5":{"start":{"line":6,"column":0},"end":{"line":6,"column":33}},"6":{"start":{"line":9,"column":0},"end":{"line":9,"column":45}},"7":{"start":{"line":12,"column":0},"end":{"line":12,"column":49}},"8":{"start":{"line":15,"column":0},"end":{"line":15,"column":47}},"9":{"start":{"line":18,"column":0},"end":{"line":18,"column":35}},"10":{"start":{"line":21,"column":0},"end":{"line":21,"column":42}},"11":{"start":{"line":23,"column":0},"end":{"line":23,"column":24}}},"branchMap":{}},"/Users/pascal_sun/Google Drive/workplace/Github/MIT-year2/AigleWeb/Project2/sportpartner/app_server/controller/profile.js":{"path":"/Users/pascal_sun/Google Drive/workplace/Github/MIT-year2/AigleWeb/Project2/sportpartner/app_server/controller/profile.js","s":{"1":1,"2":1,"3":1,"4":1,"5":1,"6":1,"7":0,"8":0,"9":0,"10":0,"11":0,"12":0,"13":0,"14":0,"15":1,"16":1,"17":0,"18":0,"19":0,"20":0,"21":0,"22":0,"23":0,"24":0,"25":0,"26":0,"27":0,"28":0,"29":0,"30":0,"31":0,"32":0,"33":0,"34":0,"35":1,"36":0,"37":0,"38":0,"39":0,"40":0,"41":0,"42":0,"43":0,"44":0,"45":0,"46":0,"47":0,"48":0,"49":0,"50":0,"51":0,"52":0,"53":0,"54":1,"55":0,"56":0,"57":0,"58":0,"59":0,"60":0,"61":0,"62":0,"63":0,"64":0,"65":0,"66":0,"67":0,"68":0,"69":0,"70":0,"71":0,"72":0,"73":0,"74":0,"75":0,"76":0,"77":0,"78":0,"79":0,"80":0,"81":0,"82":0,"83":0,"84":0,"85":0,"86":0,"87":0,"88":0},"b":{"1":[0,1],"2":[0,0],"3":[0,0],"4":[0,0],"5":[0,0],"6":[0,0],"7":[0,0],"8":[0,0],"9":[0,0],"10":[0,0],"11":[0,0],"12":[0,0],"13":[0,0],"14":[0,0],"15":[0,0],"16":[0,0,0,0,0,0,0],"17":[0,0],"18":[0,0],"19":[0,0],"20":[0,0],"21":[0,0]},"f":{"1":1,"2":0,"3":0,"4":0,"5":0,"6":0,"7":0,"8":0,"9":0,"10":0,"11":0,"12":0},"fnMap":{"1":{"name":"(anonymous_1)","line":26,"loc":{"start":{"line":26,"column":23},"end":{"line":26,"column":42}}},"2":{"name":"(anonymous_2)","line":28,"loc":{"start":{"line":28,"column":44},"end":{"line":28,"column":64}}},"3":{"name":"(anonymous_3)","line":47,"loc":{"start":{"line":47,"column":28},"end":{"line":47,"column":45}}},"4":{"name":"(anonymous_4)","line":50,"loc":{"start":{"line":50,"column":46},"end":{"line":50,"column":66}}},"5":{"name":"(anonymous_5)","line":56,"loc":{"start":{"line":56,"column":75},"end":{"line":56,"column":99}}},"6":{"name":"(anonymous_6)","line":87,"loc":{"start":{"line":87,"column":29},"end":{"line":87,"column":46}}},"7":{"name":"(anonymous_7)","line":89,"loc":{"start":{"line":89,"column":46},"end":{"line":89,"column":66}}},"8":{"name":"(anonymous_8)","line":95,"loc":{"start":{"line":95,"column":75},"end":{"line":95,"column":100}}},"9":{"name":"(anonymous_9)","line":127,"loc":{"start":{"line":127,"column":30},"end":{"line":127,"column":47}}},"10":{"name":"(anonymous_10)","line":144,"loc":{"start":{"line":144,"column":41},"end":{"line":144,"column":65}}},"11":{"name":"(anonymous_11)","line":161,"loc":{"start":{"line":161,"column":12},"end":{"line":161,"column":32}}},"12":{"name":"(anonymous_12)","line":176,"loc":{"start":{"line":176,"column":30},"end":{"line":176,"column":44}}}},"statementMap":{"1":{"start":{"line":1,"column":0},"end":{"line":1,"column":43}},"2":{"start":{"line":2,"column":0},"end":{"line":2,"column":44}},"3":{"start":{"line":3,"column":0},"end":{"line":9,"column":2}},"4":{"start":{"line":10,"column":0},"end":{"line":10,"column":37}},"5":{"start":{"line":26,"column":0},"end":{"line":43,"column":2}},"6":{"start":{"line":27,"column":2},"end":{"line":42,"column":3}},"7":{"start":{"line":28,"column":2},"end":{"line":38,"column":7}},"8":{"start":{"line":29,"column":6},"end":{"line":29,"column":25}},"9":{"start":{"line":29,"column":15},"end":{"line":29,"column":25}},"10":{"start":{"line":30,"column":6},"end":{"line":37,"column":7}},"11":{"start":{"line":31,"column":8},"end":{"line":31,"column":26}},"12":{"start":{"line":32,"column":8},"end":{"line":32,"column":43}},"13":{"start":{"line":35,"column":8},"end":{"line":35,"column":28}},"14":{"start":{"line":36,"column":8},"end":{"line":36,"column":43}},"15":{"start":{"line":41,"column":4},"end":{"line":41,"column":27}},"16":{"start":{"line":47,"column":0},"end":{"line":80,"column":2}},"17":{"start":{"line":49,"column":2},"end":{"line":79,"column":3}},"18":{"start":{"line":50,"column":4},"end":{"line":74,"column":9}},"19":{"start":{"line":51,"column":8},"end":{"line":51,"column":27}},"20":{"start":{"line":51,"column":17},"end":{"line":51,"column":27}},"21":{"start":{"line":52,"column":8},"end":{"line":73,"column":9}},"22":{"start":{"line":54,"column":10},"end":{"line":54,"column":31}},"23":{"start":{"line":56,"column":10},"end":{"line":67,"column":13}},"24":{"start":{"line":57,"column":12},"end":{"line":57,"column":30}},"25":{"start":{"line":57,"column":20},"end":{"line":57,"column":30}},"26":{"start":{"line":58,"column":12},"end":{"line":58,"column":54}},"27":{"start":{"line":59,"column":12},"end":{"line":59,"column":30}},"28":{"start":{"line":60,"column":12},"end":{"line":60,"column":57}},"29":{"start":{"line":61,"column":12},"end":{"line":66,"column":13}},"30":{"start":{"line":62,"column":14},"end":{"line":62,"column":90}},"31":{"start":{"line":65,"column":14},"end":{"line":65,"column":49}},"32":{"start":{"line":71,"column":10},"end":{"line":71,"column":30}},"33":{"start":{"line":72,"column":10},"end":{"line":72,"column":45}},"34":{"start":{"line":78,"column":4},"end":{"line":78,"column":27}},"35":{"start":{"line":87,"column":0},"end":{"line":119,"column":2}},"36":{"start":{"line":88,"column":2},"end":{"line":118,"column":3}},"37":{"start":{"line":89,"column":4},"end":{"line":114,"column":9}},"38":{"start":{"line":90,"column":8},"end":{"line":90,"column":27}},"39":{"start":{"line":90,"column":17},"end":{"line":90,"column":27}},"40":{"start":{"line":91,"column":8},"end":{"line":113,"column":9}},"41":{"start":{"line":93,"column":10},"end":{"line":93,"column":31}},"42":{"start":{"line":95,"column":10},"end":{"line":107,"column":13}},"43":{"start":{"line":96,"column":12},"end":{"line":96,"column":32}},"44":{"start":{"line":96,"column":21},"end":{"line":96,"column":32}},"45":{"start":{"line":97,"column":12},"end":{"line":97,"column":54}},"46":{"start":{"line":98,"column":12},"end":{"line":98,"column":30}},"47":{"start":{"line":99,"column":12},"end":{"line":99,"column":57}},"48":{"start":{"line":100,"column":12},"end":{"line":106,"column":13}},"49":{"start":{"line":102,"column":14},"end":{"line":102,"column":91}},"50":{"start":{"line":105,"column":14},"end":{"line":105,"column":52}},"51":{"start":{"line":111,"column":10},"end":{"line":111,"column":30}},"52":{"start":{"line":112,"column":10},"end":{"line":112,"column":48}},"53":{"start":{"line":117,"column":4},"end":{"line":117,"column":27}},"54":{"start":{"line":127,"column":0},"end":{"line":199,"column":2}},"55":{"start":{"line":128,"column":2},"end":{"line":198,"column":3}},"56":{"start":{"line":129,"column":4},"end":{"line":129,"column":26}},"57":{"start":{"line":130,"column":4},"end":{"line":130,"column":26}},"58":{"start":{"line":133,"column":4},"end":{"line":133,"column":37}},"59":{"start":{"line":134,"column":4},"end":{"line":134,"column":27}},"60":{"start":{"line":135,"column":4},"end":{"line":135,"column":27}},"61":{"start":{"line":136,"column":4},"end":{"line":136,"column":31}},"62":{"start":{"line":137,"column":4},"end":{"line":137,"column":32}},"63":{"start":{"line":138,"column":4},"end":{"line":138,"column":34}},"64":{"start":{"line":139,"column":4},"end":{"line":139,"column":34}},"65":{"start":{"line":140,"column":4},"end":{"line":140,"column":28}},"66":{"start":{"line":141,"column":4},"end":{"line":193,"column":5}},"67":{"start":{"line":144,"column":4},"end":{"line":189,"column":9}},"68":{"start":{"line":145,"column":8},"end":{"line":145,"column":27}},"69":{"start":{"line":145,"column":17},"end":{"line":145,"column":27}},"70":{"start":{"line":146,"column":8},"end":{"line":146,"column":50}},"71":{"start":{"line":147,"column":8},"end":{"line":147,"column":26}},"72":{"start":{"line":148,"column":8},"end":{"line":148,"column":53}},"73":{"start":{"line":149,"column":8},"end":{"line":149,"column":35}},"74":{"start":{"line":150,"column":8},"end":{"line":188,"column":11}},"75":{"start":{"line":152,"column":10},"end":{"line":182,"column":13}},"76":{"start":{"line":162,"column":12},"end":{"line":162,"column":31}},"77":{"start":{"line":162,"column":21},"end":{"line":162,"column":31}},"78":{"start":{"line":164,"column":12},"end":{"line":180,"column":13}},"79":{"start":{"line":165,"column":14},"end":{"line":165,"column":38}},"80":{"start":{"line":168,"column":14},"end":{"line":175,"column":17}},"81":{"start":{"line":176,"column":14},"end":{"line":179,"column":17}},"82":{"start":{"line":177,"column":14},"end":{"line":177,"column":33}},"83":{"start":{"line":177,"column":23},"end":{"line":177,"column":33}},"84":{"start":{"line":178,"column":16},"end":{"line":178,"column":45}},"85":{"start":{"line":183,"column":10},"end":{"line":183,"column":41}},"86":{"start":{"line":187,"column":10},"end":{"line":187,"column":103}},"87":{"start":{"line":192,"column":6},"end":{"line":192,"column":85}},"88":{"start":{"line":197,"column":4},"end":{"line":197,"column":27}}},"branchMap":{"1":{"line":27,"type":"if","locations":[{"start":{"line":27,"column":2},"end":{"line":27,"column":2}},{"start":{"line":27,"column":2},"end":{"line":27,"column":2}}]},"2":{"line":29,"type":"if","locations":[{"start":{"line":29,"column":6},"end":{"line":29,"column":6}},{"start":{"line":29,"column":6},"end":{"line":29,"column":6}}]},"3":{"line":30,"type":"if","locations":[{"start":{"line":30,"column":6},"end":{"line":30,"column":6}},{"start":{"line":30,"column":6},"end":{"line":30,"column":6}}]},"4":{"line":49,"type":"if","locations":[{"start":{"line":49,"column":2},"end":{"line":49,"column":2}},{"start":{"line":49,"column":2},"end":{"line":49,"column":2}}]},"5":{"line":51,"type":"if","locations":[{"start":{"line":51,"column":8},"end":{"line":51,"column":8}},{"start":{"line":51,"column":8},"end":{"line":51,"column":8}}]},"6":{"line":52,"type":"if","locations":[{"start":{"line":52,"column":8},"end":{"line":52,"column":8}},{"start":{"line":52,"column":8},"end":{"line":52,"column":8}}]},"7":{"line":57,"type":"if","locations":[{"start":{"line":57,"column":12},"end":{"line":57,"column":12}},{"start":{"line":57,"column":12},"end":{"line":57,"column":12}}]},"8":{"line":61,"type":"if","locations":[{"start":{"line":61,"column":12},"end":{"line":61,"column":12}},{"start":{"line":61,"column":12},"end":{"line":61,"column":12}}]},"9":{"line":88,"type":"if","locations":[{"start":{"line":88,"column":2},"end":{"line":88,"column":2}},{"start":{"line":88,"column":2},"end":{"line":88,"column":2}}]},"10":{"line":90,"type":"if","locations":[{"start":{"line":90,"column":8},"end":{"line":90,"column":8}},{"start":{"line":90,"column":8},"end":{"line":90,"column":8}}]},"11":{"line":91,"type":"if","locations":[{"start":{"line":91,"column":8},"end":{"line":91,"column":8}},{"start":{"line":91,"column":8},"end":{"line":91,"column":8}}]},"12":{"line":96,"type":"if","locations":[{"start":{"line":96,"column":12},"end":{"line":96,"column":12}},{"start":{"line":96,"column":12},"end":{"line":96,"column":12}}]},"13":{"line":100,"type":"if","locations":[{"start":{"line":100,"column":12},"end":{"line":100,"column":12}},{"start":{"line":100,"column":12},"end":{"line":100,"column":12}}]},"14":{"line":128,"type":"if","locations":[{"start":{"line":128,"column":2},"end":{"line":128,"column":2}},{"start":{"line":128,"column":2},"end":{"line":128,"column":2}}]},"15":{"line":141,"type":"if","locations":[{"start":{"line":141,"column":4},"end":{"line":141,"column":4}},{"start":{"line":141,"column":4},"end":{"line":141,"column":4}}]},"16":{"line":141,"type":"binary-expr","locations":[{"start":{"line":141,"column":8},"end":{"line":141,"column":16}},{"start":{"line":141,"column":20},"end":{"line":141,"column":23}},{"start":{"line":141,"column":27},"end":{"line":141,"column":30}},{"start":{"line":141,"column":34},"end":{"line":141,"column":39}},{"start":{"line":141,"column":43},"end":{"line":141,"column":48}},{"start":{"line":141,"column":52},"end":{"line":141,"column":55}},{"start":{"line":141,"column":59},"end":{"line":141,"column":62}}]},"17":{"line":145,"type":"if","locations":[{"start":{"line":145,"column":8},"end":{"line":145,"column":8}},{"start":{"line":145,"column":8},"end":{"line":145,"column":8}}]},"18":{"line":150,"type":"if","locations":[{"start":{"line":150,"column":8},"end":{"line":150,"column":8}},{"start":{"line":150,"column":8},"end":{"line":150,"column":8}}]},"19":{"line":162,"type":"if","locations":[{"start":{"line":162,"column":12},"end":{"line":162,"column":12}},{"start":{"line":162,"column":12},"end":{"line":162,"column":12}}]},"20":{"line":164,"type":"if","locations":[{"start":{"line":164,"column":12},"end":{"line":164,"column":12}},{"start":{"line":164,"column":12},"end":{"line":164,"column":12}}]},"21":{"line":177,"type":"if","locations":[{"start":{"line":177,"column":14},"end":{"line":177,"column":14}},{"start":{"line":177,"column":14},"end":{"line":177,"column":14}}]}}},"/Users/pascal_sun/Google Drive/workplace/Github/MIT-year2/AigleWeb/Project2/sportpartner/app_server/controller/prefer.js":{"path":"/Users/pascal_sun/Google Drive/workplace/Github/MIT-year2/AigleWeb/Project2/sportpartner/app_server/controller/prefer.js","s":{"1":1,"2":1,"3":0,"4":0,"5":0,"6":0,"7":0,"8":0,"9":0,"10":0,"11":0,"12":0,"13":0,"14":0,"15":1,"16":0,"17":0,"18":0,"19":0,"20":0,"21":0,"22":0,"23":0,"24":0,"25":0,"26":0,"27":0,"28":0,"29":0,"30":0,"31":0,"32":0,"33":0,"34":0,"35":0,"36":0},"b":{"1":[0,0],"2":[0,0],"3":[0,0],"4":[0,0],"5":[0,0],"6":[0,0],"7":[0,0,0,0,0],"8":[0,0],"9":[0,0],"10":[0,0]},"f":{"1":0,"2":0,"3":0,"4":0,"5":0},"fnMap":{"1":{"name":"(anonymous_1)","line":4,"loc":{"start":{"line":4,"column":23},"end":{"line":4,"column":40}}},"2":{"name":"(anonymous_2)","line":7,"loc":{"start":{"line":7,"column":47},"end":{"line":7,"column":67}}},"3":{"name":"(anonymous_3)","line":30,"loc":{"start":{"line":30,"column":29},"end":{"line":30,"column":46}}},"4":{"name":"(anonymous_4)","line":50,"loc":{"start":{"line":50,"column":8},"end":{"line":50,"column":28}}},"5":{"name":"(anonymous_5)","line":64,"loc":{"start":{"line":64,"column":27},"end":{"line":64,"column":42}}}},"statementMap":{"1":{"start":{"line":1,"column":0},"end":{"line":1,"column":40}},"2":{"start":{"line":4,"column":0},"end":{"line":27,"column":2}},"3":{"start":{"line":5,"column":4},"end":{"line":26,"column":5}},"4":{"start":{"line":7,"column":6},"end":{"line":22,"column":11}},"5":{"start":{"line":8,"column":10},"end":{"line":8,"column":29}},"6":{"start":{"line":8,"column":19},"end":{"line":8,"column":29}},"7":{"start":{"line":9,"column":10},"end":{"line":21,"column":11}},"8":{"start":{"line":10,"column":12},"end":{"line":10,"column":30}},"9":{"start":{"line":11,"column":12},"end":{"line":16,"column":13}},"10":{"start":{"line":12,"column":12},"end":{"line":12,"column":64}},"11":{"start":{"line":15,"column":12},"end":{"line":15,"column":65}},"12":{"start":{"line":19,"column":12},"end":{"line":19,"column":32}},"13":{"start":{"line":20,"column":12},"end":{"line":20,"column":49}},"14":{"start":{"line":25,"column":6},"end":{"line":25,"column":29}},"15":{"start":{"line":30,"column":0},"end":{"line":79,"column":2}},"16":{"start":{"line":31,"column":2},"end":{"line":78,"column":3}},"17":{"start":{"line":32,"column":4},"end":{"line":32,"column":26}},"18":{"start":{"line":36,"column":4},"end":{"line":36,"column":37}},"19":{"start":{"line":37,"column":4},"end":{"line":37,"column":27}},"20":{"start":{"line":38,"column":4},"end":{"line":38,"column":27}},"21":{"start":{"line":39,"column":4},"end":{"line":39,"column":31}},"22":{"start":{"line":40,"column":4},"end":{"line":40,"column":32}},"23":{"start":{"line":42,"column":4},"end":{"line":74,"column":5}},"24":{"start":{"line":43,"column":6},"end":{"line":70,"column":9}},"25":{"start":{"line":51,"column":10},"end":{"line":51,"column":29}},"26":{"start":{"line":51,"column":19},"end":{"line":51,"column":29}},"27":{"start":{"line":53,"column":10},"end":{"line":68,"column":11}},"28":{"start":{"line":54,"column":12},"end":{"line":54,"column":35}},"29":{"start":{"line":57,"column":12},"end":{"line":63,"column":15}},"30":{"start":{"line":64,"column":12},"end":{"line":67,"column":15}},"31":{"start":{"line":65,"column":12},"end":{"line":65,"column":33}},"32":{"start":{"line":65,"column":22},"end":{"line":65,"column":33}},"33":{"start":{"line":66,"column":14},"end":{"line":66,"column":43}},"34":{"start":{"line":69,"column":6},"end":{"line":69,"column":36}},"35":{"start":{"line":73,"column":6},"end":{"line":73,"column":65}},"36":{"start":{"line":77,"column":4},"end":{"line":77,"column":27}}},"branchMap":{"1":{"line":5,"type":"if","locations":[{"start":{"line":5,"column":4},"end":{"line":5,"column":4}},{"start":{"line":5,"column":4},"end":{"line":5,"column":4}}]},"2":{"line":8,"type":"if","locations":[{"start":{"line":8,"column":10},"end":{"line":8,"column":10}},{"start":{"line":8,"column":10},"end":{"line":8,"column":10}}]},"3":{"line":9,"type":"if","locations":[{"start":{"line":9,"column":10},"end":{"line":9,"column":10}},{"start":{"line":9,"column":10},"end":{"line":9,"column":10}}]},"4":{"line":11,"type":"if","locations":[{"start":{"line":11,"column":12},"end":{"line":11,"column":12}},{"start":{"line":11,"column":12},"end":{"line":11,"column":12}}]},"5":{"line":31,"type":"if","locations":[{"start":{"line":31,"column":2},"end":{"line":31,"column":2}},{"start":{"line":31,"column":2},"end":{"line":31,"column":2}}]},"6":{"line":42,"type":"if","locations":[{"start":{"line":42,"column":4},"end":{"line":42,"column":4}},{"start":{"line":42,"column":4},"end":{"line":42,"column":4}}]},"7":{"line":42,"type":"binary-expr","locations":[{"start":{"line":42,"column":8},"end":{"line":42,"column":16}},{"start":{"line":42,"column":20},"end":{"line":42,"column":23}},{"start":{"line":42,"column":27},"end":{"line":42,"column":32}},{"start":{"line":42,"column":36},"end":{"line":42,"column":39}},{"start":{"line":42,"column":43},"end":{"line":42,"column":48}}]},"8":{"line":51,"type":"if","locations":[{"start":{"line":51,"column":10},"end":{"line":51,"column":10}},{"start":{"line":51,"column":10},"end":{"line":51,"column":10}}]},"9":{"line":53,"type":"if","locations":[{"start":{"line":53,"column":10},"end":{"line":53,"column":10}},{"start":{"line":53,"column":10},"end":{"line":53,"column":10}}]},"10":{"line":65,"type":"if","locations":[{"start":{"line":65,"column":12},"end":{"line":65,"column":12}},{"start":{"line":65,"column":12},"end":{"line":65,"column":12}}]}}},"/Users/pascal_sun/Google Drive/workplace/Github/MIT-year2/AigleWeb/Project2/sportpartner/app_server/routes/views.js":{"path":"/Users/pascal_sun/Google Drive/workplace/Github/MIT-year2/AigleWeb/Project2/sportpartner/app_server/routes/views.js","s":{"1":1,"2":1,"3":1,"4":1,"5":1,"6":1,"7":1,"8":1,"9":1},"b":{},"f":{},"fnMap":{},"statementMap":{"1":{"start":{"line":1,"column":0},"end":{"line":1,"column":33}},"2":{"start":{"line":2,"column":0},"end":{"line":2,"column":30}},"3":{"start":{"line":3,"column":0},"end":{"line":3,"column":48}},"4":{"start":{"line":4,"column":0},"end":{"line":4,"column":54}},"5":{"start":{"line":6,"column":0},"end":{"line":6,"column":34}},"6":{"start":{"line":9,"column":0},"end":{"line":9,"column":36}},"7":{"start":{"line":12,"column":0},"end":{"line":12,"column":43}},"8":{"start":{"line":15,"column":0},"end":{"line":15,"column":47}},"9":{"start":{"line":17,"column":0},"end":{"line":17,"column":24}}},"branchMap":{}},"/Users/pascal_sun/Google Drive/workplace/Github/MIT-year2/AigleWeb/Project2/sportpartner/app_server/controller/views.js":{"path":"/Users/pascal_sun/Google Drive/workplace/Github/MIT-year2/AigleWeb/Project2/sportpartner/app_server/controller/views.js","s":{"1":1,"2":1,"3":1,"4":1,"5":1,"6":1,"7":1,"8":1,"9":0,"10":0,"11":0,"12":0,"13":0,"14":0,"15":0,"16":0,"17":0,"18":0,"19":0,"20":0,"21":0,"22":0,"23":0,"24":0,"25":0,"26":0,"27":0,"28":0,"29":0,"30":0,"31":0,"32":0,"33":0,"34":0,"35":0,"36":0,"37":0,"38":0,"39":0,"40":0,"41":0,"42":0,"43":0,"44":0,"45":1,"46":0,"47":0,"48":0,"49":0,"50":0,"51":0,"52":0,"53":0,"54":0,"55":0,"56":0},"b":{"1":[0,0],"2":[0,0],"3":[0,0],"4":[0,0],"5":[0,0],"6":[0,0],"7":[0,0],"8":[0,0],"9":[0,0],"10":[0,0],"11":[0,0]},"f":{"1":0,"2":0,"3":0,"4":0,"5":0,"6":0,"7":0,"8":0},"fnMap":{"1":{"name":"(anonymous_1)","line":15,"loc":{"start":{"line":15,"column":23},"end":{"line":15,"column":40}}},"2":{"name":"(anonymous_2)","line":36,"loc":{"start":{"line":36,"column":42},"end":{"line":36,"column":61}}},"3":{"name":"(anonymous_3)","line":43,"loc":{"start":{"line":43,"column":52},"end":{"line":43,"column":75}}},"4":{"name":"(anonymous_4)","line":48,"loc":{"start":{"line":48,"column":91},"end":{"line":48,"column":115}}},"5":{"name":"(anonymous_5)","line":76,"loc":{"start":{"line":76,"column":25},"end":{"line":76,"column":38}}},"6":{"name":"(anonymous_6)","line":98,"loc":{"start":{"line":98,"column":22},"end":{"line":98,"column":39}}},"7":{"name":"(anonymous_7)","line":111,"loc":{"start":{"line":111,"column":13},"end":{"line":111,"column":34}}},"8":{"name":"(anonymous_8)","line":128,"loc":{"start":{"line":128,"column":13},"end":{"line":128,"column":34}}}},"statementMap":{"1":{"start":{"line":1,"column":0},"end":{"line":1,"column":39}},"2":{"start":{"line":2,"column":0},"end":{"line":2,"column":43}},"3":{"start":{"line":3,"column":0},"end":{"line":3,"column":43}},"4":{"start":{"line":4,"column":0},"end":{"line":4,"column":43}},"5":{"start":{"line":5,"column":0},"end":{"line":5,"column":44}},"6":{"start":{"line":6,"column":0},"end":{"line":12,"column":2}},"7":{"start":{"line":13,"column":0},"end":{"line":13,"column":37}},"8":{"start":{"line":15,"column":0},"end":{"line":96,"column":2}},"9":{"start":{"line":17,"column":4},"end":{"line":95,"column":5}},"10":{"start":{"line":18,"column":6},"end":{"line":18,"column":28}},"11":{"start":{"line":20,"column":6},"end":{"line":91,"column":7}},"12":{"start":{"line":22,"column":8},"end":{"line":87,"column":9}},"13":{"start":{"line":23,"column":10},"end":{"line":23,"column":41}},"14":{"start":{"line":28,"column":10},"end":{"line":35,"column":11}},"15":{"start":{"line":29,"column":12},"end":{"line":29,"column":31}},"16":{"start":{"line":32,"column":12},"end":{"line":32,"column":29}},"17":{"start":{"line":33,"column":12},"end":{"line":33,"column":35}},"18":{"start":{"line":34,"column":12},"end":{"line":34,"column":106}},"19":{"start":{"line":36,"column":10},"end":{"line":86,"column":13}},"20":{"start":{"line":38,"column":12},"end":{"line":38,"column":31}},"21":{"start":{"line":38,"column":21},"end":{"line":38,"column":31}},"22":{"start":{"line":40,"column":12},"end":{"line":40,"column":42}},"23":{"start":{"line":42,"column":12},"end":{"line":85,"column":13}},"24":{"start":{"line":43,"column":14},"end":{"line":65,"column":17}},"25":{"start":{"line":44,"column":16},"end":{"line":44,"column":37}},"26":{"start":{"line":44,"column":26},"end":{"line":44,"column":37}},"27":{"start":{"line":45,"column":16},"end":{"line":45,"column":38}},"28":{"start":{"line":47,"column":16},"end":{"line":64,"column":17}},"29":{"start":{"line":48,"column":18},"end":{"line":59,"column":21}},"30":{"start":{"line":49,"column":20},"end":{"line":49,"column":62}},"31":{"start":{"line":50,"column":20},"end":{"line":50,"column":38}},"32":{"start":{"line":51,"column":20},"end":{"line":51,"column":65}},"33":{"start":{"line":52,"column":20},"end":{"line":58,"column":21}},"34":{"start":{"line":53,"column":22},"end":{"line":53,"column":99}},"35":{"start":{"line":57,"column":22},"end":{"line":57,"column":95}},"36":{"start":{"line":63,"column":18},"end":{"line":63,"column":118}},"37":{"start":{"line":69,"column":12},"end":{"line":74,"column":14}},"38":{"start":{"line":76,"column":12},"end":{"line":79,"column":15}},"39":{"start":{"line":77,"column":14},"end":{"line":77,"column":32}},"40":{"start":{"line":77,"column":22},"end":{"line":77,"column":32}},"41":{"start":{"line":78,"column":14},"end":{"line":78,"column":39}},"42":{"start":{"line":84,"column":14},"end":{"line":84,"column":90}},"43":{"start":{"line":90,"column":8},"end":{"line":90,"column":99}},"44":{"start":{"line":94,"column":6},"end":{"line":94,"column":29}},"45":{"start":{"line":98,"column":0},"end":{"line":136,"column":2}},"46":{"start":{"line":99,"column":2},"end":{"line":135,"column":3}},"47":{"start":{"line":100,"column":4},"end":{"line":100,"column":34}},"48":{"start":{"line":101,"column":4},"end":{"line":131,"column":5}},"49":{"start":{"line":110,"column":6},"end":{"line":110,"column":94}},"50":{"start":{"line":111,"column":6},"end":{"line":114,"column":9}},"51":{"start":{"line":112,"column":8},"end":{"line":112,"column":29}},"52":{"start":{"line":113,"column":8},"end":{"line":113,"column":66}},"53":{"start":{"line":127,"column":6},"end":{"line":127,"column":92}},"54":{"start":{"line":128,"column":6},"end":{"line":130,"column":9}},"55":{"start":{"line":129,"column":8},"end":{"line":129,"column":66}},"56":{"start":{"line":134,"column":4},"end":{"line":134,"column":27}}},"branchMap":{"1":{"line":17,"type":"if","locations":[{"start":{"line":17,"column":4},"end":{"line":17,"column":4}},{"start":{"line":17,"column":4},"end":{"line":17,"column":4}}]},"2":{"line":20,"type":"if","locations":[{"start":{"line":20,"column":6},"end":{"line":20,"column":6}},{"start":{"line":20,"column":6},"end":{"line":20,"column":6}}]},"3":{"line":22,"type":"if","locations":[{"start":{"line":22,"column":8},"end":{"line":22,"column":8}},{"start":{"line":22,"column":8},"end":{"line":22,"column":8}}]},"4":{"line":38,"type":"if","locations":[{"start":{"line":38,"column":12},"end":{"line":38,"column":12}},{"start":{"line":38,"column":12},"end":{"line":38,"column":12}}]},"5":{"line":42,"type":"if","locations":[{"start":{"line":42,"column":12},"end":{"line":42,"column":12}},{"start":{"line":42,"column":12},"end":{"line":42,"column":12}}]},"6":{"line":44,"type":"if","locations":[{"start":{"line":44,"column":16},"end":{"line":44,"column":16}},{"start":{"line":44,"column":16},"end":{"line":44,"column":16}}]},"7":{"line":47,"type":"if","locations":[{"start":{"line":47,"column":16},"end":{"line":47,"column":16}},{"start":{"line":47,"column":16},"end":{"line":47,"column":16}}]},"8":{"line":52,"type":"if","locations":[{"start":{"line":52,"column":20},"end":{"line":52,"column":20}},{"start":{"line":52,"column":20},"end":{"line":52,"column":20}}]},"9":{"line":77,"type":"if","locations":[{"start":{"line":77,"column":14},"end":{"line":77,"column":14}},{"start":{"line":77,"column":14},"end":{"line":77,"column":14}}]},"10":{"line":99,"type":"if","locations":[{"start":{"line":99,"column":2},"end":{"line":99,"column":2}},{"start":{"line":99,"column":2},"end":{"line":99,"column":2}}]},"11":{"line":101,"type":"if","locations":[{"start":{"line":101,"column":4},"end":{"line":101,"column":4}},{"start":{"line":101,"column":4},"end":{"line":101,"column":4}}]}}},"/Users/pascal_sun/Google Drive/workplace/Github/MIT-year2/AigleWeb/Project2/sportpartner/app_server/models/views.js":{"path":"/Users/pascal_sun/Google Drive/workplace/Github/MIT-year2/AigleWeb/Project2/sportpartner/app_server/models/views.js","s":{"1":1,"2":1,"3":1},"b":{},"f":{},"fnMap":{},"statementMap":{"1":{"start":{"line":1,"column":0},"end":{"line":1,"column":35}},"2":{"start":{"line":3,"column":0},"end":{"line":10,"column":4}},"3":{"start":{"line":12,"column":0},"end":{"line":12,"column":54}}},"branchMap":{}},"/Users/pascal_sun/Google Drive/workplace/Github/MIT-year2/AigleWeb/Project2/sportpartner/app_server/controller/comments.js":{"path":"/Users/pascal_sun/Google Drive/workplace/Github/MIT-year2/AigleWeb/Project2/sportpartner/app_server/controller/comments.js","s":{"1":1,"2":1,"3":1,"4":1,"5":0,"6":0,"7":0,"8":0,"9":0,"10":0,"11":0,"12":0,"13":0,"14":0,"15":0,"16":0,"17":0,"18":0,"19":0,"20":0,"21":0,"22":0,"23":0,"24":0,"25":0,"26":0,"27":0,"28":0,"29":0,"30":0,"31":0,"32":0,"33":0,"34":0,"35":0,"36":0,"37":0,"38":0,"39":1,"40":0,"41":0,"42":0,"43":0,"44":0,"45":0,"46":0,"47":0,"48":0,"49":0,"50":0,"51":0,"52":0,"53":0,"54":0,"55":0,"56":0,"57":0,"58":0,"59":0},"b":{"1":[0,0],"2":[0,0],"3":[0,0],"4":[0,0],"5":[0,0],"6":[0,0],"7":[0,0],"8":[0,0],"9":[0,0],"10":[0,0],"11":[0,0],"12":[0,0]},"f":{"1":0,"2":0,"3":0,"4":0,"5":0,"6":0,"7":0,"8":0,"9":0,"10":0},"fnMap":{"1":{"name":"(anonymous_1)","line":6,"loc":{"start":{"line":6,"column":23},"end":{"line":6,"column":40}}},"2":{"name":"(anonymous_2)","line":11,"loc":{"start":{"line":11,"column":38},"end":{"line":11,"column":57}}},"3":{"name":"(anonymous_3)","line":17,"loc":{"start":{"line":17,"column":17},"end":{"line":17,"column":38}}},"4":{"name":"(anonymous_4)","line":54,"loc":{"start":{"line":54,"column":16},"end":{"line":54,"column":34}}},"5":{"name":"(anonymous_5)","line":57,"loc":{"start":{"line":57,"column":21},"end":{"line":57,"column":34}}},"6":{"name":"(anonymous_6)","line":86,"loc":{"start":{"line":86,"column":16},"end":{"line":86,"column":34}}},"7":{"name":"(anonymous_7)","line":89,"loc":{"start":{"line":89,"column":21},"end":{"line":89,"column":34}}},"8":{"name":"(anonymous_8)","line":109,"loc":{"start":{"line":109,"column":26},"end":{"line":109,"column":43}}},"9":{"name":"(anonymous_9)","line":126,"loc":{"start":{"line":126,"column":25},"end":{"line":126,"column":38}}},"10":{"name":"(anonymous_10)","line":145,"loc":{"start":{"line":145,"column":39},"end":{"line":145,"column":64}}}},"statementMap":{"1":{"start":{"line":1,"column":0},"end":{"line":1,"column":45}},"2":{"start":{"line":2,"column":0},"end":{"line":2,"column":43}},"3":{"start":{"line":3,"column":0},"end":{"line":3,"column":39}},"4":{"start":{"line":6,"column":0},"end":{"line":106,"column":1}},"5":{"start":{"line":7,"column":2},"end":{"line":104,"column":3}},"6":{"start":{"line":8,"column":4},"end":{"line":8,"column":34}},"7":{"start":{"line":9,"column":4},"end":{"line":99,"column":5}},"8":{"start":{"line":11,"column":6},"end":{"line":30,"column":9}},"9":{"start":{"line":12,"column":8},"end":{"line":12,"column":27}},"10":{"start":{"line":12,"column":17},"end":{"line":12,"column":27}},"11":{"start":{"line":14,"column":8},"end":{"line":29,"column":9}},"12":{"start":{"line":15,"column":10},"end":{"line":15,"column":29}},"13":{"start":{"line":16,"column":10},"end":{"line":16,"column":147}},"14":{"start":{"line":17,"column":10},"end":{"line":25,"column":13}},"15":{"start":{"line":18,"column":12},"end":{"line":24,"column":13}},"16":{"start":{"line":19,"column":14},"end":{"line":19,"column":35}},"17":{"start":{"line":20,"column":14},"end":{"line":20,"column":81}},"18":{"start":{"line":23,"column":14},"end":{"line":23,"column":64}},"19":{"start":{"line":28,"column":10},"end":{"line":28,"column":86}},"20":{"start":{"line":34,"column":6},"end":{"line":98,"column":7}},"21":{"start":{"line":35,"column":8},"end":{"line":64,"column":13}},"22":{"start":{"line":55,"column":12},"end":{"line":55,"column":32}},"23":{"start":{"line":55,"column":21},"end":{"line":55,"column":32}},"24":{"start":{"line":57,"column":12},"end":{"line":61,"column":21}},"25":{"start":{"line":58,"column":18},"end":{"line":58,"column":51}},"26":{"start":{"line":59,"column":18},"end":{"line":59,"column":51}},"27":{"start":{"line":60,"column":18},"end":{"line":60,"column":29}},"28":{"start":{"line":63,"column":12},"end":{"line":63,"column":65}},"29":{"start":{"line":68,"column":8},"end":{"line":97,"column":13}},"30":{"start":{"line":87,"column":12},"end":{"line":87,"column":32}},"31":{"start":{"line":87,"column":21},"end":{"line":87,"column":32}},"32":{"start":{"line":89,"column":12},"end":{"line":93,"column":21}},"33":{"start":{"line":90,"column":18},"end":{"line":90,"column":51}},"34":{"start":{"line":91,"column":18},"end":{"line":91,"column":51}},"35":{"start":{"line":92,"column":18},"end":{"line":92,"column":29}},"36":{"start":{"line":94,"column":12},"end":{"line":94,"column":29}},"37":{"start":{"line":96,"column":12},"end":{"line":96,"column":68}},"38":{"start":{"line":103,"column":4},"end":{"line":103,"column":27}},"39":{"start":{"line":109,"column":0},"end":{"line":163,"column":1}},"40":{"start":{"line":110,"column":2},"end":{"line":162,"column":3}},"41":{"start":{"line":111,"column":4},"end":{"line":111,"column":35}},"42":{"start":{"line":112,"column":4},"end":{"line":112,"column":40}},"43":{"start":{"line":115,"column":4},"end":{"line":115,"column":38}},"44":{"start":{"line":116,"column":4},"end":{"line":116,"column":40}},"45":{"start":{"line":117,"column":4},"end":{"line":157,"column":5}},"46":{"start":{"line":119,"column":8},"end":{"line":124,"column":10}},"47":{"start":{"line":126,"column":8},"end":{"line":129,"column":11}},"48":{"start":{"line":127,"column":10},"end":{"line":127,"column":28}},"49":{"start":{"line":127,"column":18},"end":{"line":127,"column":28}},"50":{"start":{"line":128,"column":10},"end":{"line":128,"column":38}},"51":{"start":{"line":131,"column":8},"end":{"line":137,"column":11}},"52":{"start":{"line":138,"column":8},"end":{"line":144,"column":10}},"53":{"start":{"line":145,"column":8},"end":{"line":151,"column":11}},"54":{"start":{"line":146,"column":12},"end":{"line":150,"column":13}},"55":{"start":{"line":147,"column":14},"end":{"line":147,"column":31}},"56":{"start":{"line":149,"column":14},"end":{"line":149,"column":30}},"57":{"start":{"line":153,"column":6},"end":{"line":153,"column":55}},"58":{"start":{"line":156,"column":6},"end":{"line":156,"column":100}},"59":{"start":{"line":161,"column":4},"end":{"line":161,"column":27}}},"branchMap":{"1":{"line":7,"type":"if","locations":[{"start":{"line":7,"column":2},"end":{"line":7,"column":2}},{"start":{"line":7,"column":2},"end":{"line":7,"column":2}}]},"2":{"line":9,"type":"if","locations":[{"start":{"line":9,"column":4},"end":{"line":9,"column":4}},{"start":{"line":9,"column":4},"end":{"line":9,"column":4}}]},"3":{"line":12,"type":"if","locations":[{"start":{"line":12,"column":8},"end":{"line":12,"column":8}},{"start":{"line":12,"column":8},"end":{"line":12,"column":8}}]},"4":{"line":14,"type":"if","locations":[{"start":{"line":14,"column":8},"end":{"line":14,"column":8}},{"start":{"line":14,"column":8},"end":{"line":14,"column":8}}]},"5":{"line":18,"type":"if","locations":[{"start":{"line":18,"column":12},"end":{"line":18,"column":12}},{"start":{"line":18,"column":12},"end":{"line":18,"column":12}}]},"6":{"line":34,"type":"if","locations":[{"start":{"line":34,"column":6},"end":{"line":34,"column":6}},{"start":{"line":34,"column":6},"end":{"line":34,"column":6}}]},"7":{"line":55,"type":"if","locations":[{"start":{"line":55,"column":12},"end":{"line":55,"column":12}},{"start":{"line":55,"column":12},"end":{"line":55,"column":12}}]},"8":{"line":87,"type":"if","locations":[{"start":{"line":87,"column":12},"end":{"line":87,"column":12}},{"start":{"line":87,"column":12},"end":{"line":87,"column":12}}]},"9":{"line":110,"type":"if","locations":[{"start":{"line":110,"column":2},"end":{"line":110,"column":2}},{"start":{"line":110,"column":2},"end":{"line":110,"column":2}}]},"10":{"line":117,"type":"if","locations":[{"start":{"line":117,"column":4},"end":{"line":117,"column":4}},{"start":{"line":117,"column":4},"end":{"line":117,"column":4}}]},"11":{"line":127,"type":"if","locations":[{"start":{"line":127,"column":10},"end":{"line":127,"column":10}},{"start":{"line":127,"column":10},"end":{"line":127,"column":10}}]},"12":{"line":146,"type":"if","locations":[{"start":{"line":146,"column":12},"end":{"line":146,"column":12}},{"start":{"line":146,"column":12},"end":{"line":146,"column":12}}]}}},"/Users/pascal_sun/Google Drive/workplace/Github/MIT-year2/AigleWeb/Project2/sportpartner/app_server/routes/match.js":{"path":"/Users/pascal_sun/Google Drive/workplace/Github/MIT-year2/AigleWeb/Project2/sportpartner/app_server/routes/match.js","s":{"1":1,"2":1,"3":1,"4":1,"5":1},"b":{},"f":{},"fnMap":{},"statementMap":{"1":{"start":{"line":1,"column":0},"end":{"line":1,"column":33}},"2":{"start":{"line":2,"column":0},"end":{"line":2,"column":30}},"3":{"start":{"line":3,"column":0},"end":{"line":3,"column":49}},"4":{"start":{"line":6,"column":0},"end":{"line":6,"column":34}},"5":{"start":{"line":8,"column":0},"end":{"line":8,"column":24}}},"branchMap":{}},"/Users/pascal_sun/Google Drive/workplace/Github/MIT-year2/AigleWeb/Project2/sportpartner/app_server/controller/match.js":{"path":"/Users/pascal_sun/Google Drive/workplace/Github/MIT-year2/AigleWeb/Project2/sportpartner/app_server/controller/match.js","s":{"1":1,"2":1,"3":1,"4":1,"5":1,"6":0,"7":0,"8":0,"9":0,"10":0,"11":0,"12":0,"13":0,"14":0,"15":0,"16":0,"17":0,"18":0,"19":0,"20":0,"21":0,"22":0,"23":0,"24":0,"25":0,"26":0,"27":0,"28":0,"29":1},"b":{"1":[0,1],"2":[0,0],"3":[0,0],"4":[0,0],"5":[0,0],"6":[0,0],"7":[0,0]},"f":{"1":1,"2":0,"3":0,"4":0},"fnMap":{"1":{"name":"(anonymous_1)","line":6,"loc":{"start":{"line":6,"column":23},"end":{"line":6,"column":40}}},"2":{"name":"(anonymous_2)","line":8,"loc":{"start":{"line":8,"column":45},"end":{"line":8,"column":66}}},"3":{"name":"(anonymous_3)","line":15,"loc":{"start":{"line":15,"column":50},"end":{"line":15,"column":71}}},"4":{"name":"(anonymous_4)","line":62,"loc":{"start":{"line":62,"column":20},"end":{"line":62,"column":38}}}},"statementMap":{"1":{"start":{"line":1,"column":0},"end":{"line":1,"column":40}},"2":{"start":{"line":2,"column":0},"end":{"line":2,"column":43}},"3":{"start":{"line":3,"column":0},"end":{"line":3,"column":43}},"4":{"start":{"line":6,"column":0},"end":{"line":88,"column":2}},"5":{"start":{"line":7,"column":2},"end":{"line":87,"column":3}},"6":{"start":{"line":8,"column":4},"end":{"line":83,"column":7}},"7":{"start":{"line":9,"column":6},"end":{"line":9,"column":26}},"8":{"start":{"line":9,"column":15},"end":{"line":9,"column":26}},"9":{"start":{"line":10,"column":6},"end":{"line":82,"column":7}},"10":{"start":{"line":11,"column":8},"end":{"line":11,"column":33}},"11":{"start":{"line":12,"column":8},"end":{"line":12,"column":37}},"12":{"start":{"line":13,"column":8},"end":{"line":13,"column":29}},"13":{"start":{"line":14,"column":8},"end":{"line":14,"column":35}},"14":{"start":{"line":15,"column":8},"end":{"line":78,"column":11}},"15":{"start":{"line":16,"column":10},"end":{"line":16,"column":28}},"16":{"start":{"line":16,"column":18},"end":{"line":16,"column":28}},"17":{"start":{"line":17,"column":10},"end":{"line":77,"column":11}},"18":{"start":{"line":18,"column":12},"end":{"line":18,"column":37}},"19":{"start":{"line":19,"column":12},"end":{"line":19,"column":40}},"20":{"start":{"line":20,"column":12},"end":{"line":73,"column":16}},"21":{"start":{"line":63,"column":16},"end":{"line":63,"column":36}},"22":{"start":{"line":63,"column":25},"end":{"line":63,"column":36}},"23":{"start":{"line":64,"column":16},"end":{"line":64,"column":33}},"24":{"start":{"line":65,"column":16},"end":{"line":72,"column":17}},"25":{"start":{"line":67,"column":18},"end":{"line":67,"column":74}},"26":{"start":{"line":71,"column":18},"end":{"line":71,"column":80}},"27":{"start":{"line":76,"column":12},"end":{"line":76,"column":43}},"28":{"start":{"line":81,"column":8},"end":{"line":81,"column":38}},"29":{"start":{"line":86,"column":4},"end":{"line":86,"column":27}}},"branchMap":{"1":{"line":7,"type":"if","locations":[{"start":{"line":7,"column":2},"end":{"line":7,"column":2}},{"start":{"line":7,"column":2},"end":{"line":7,"column":2}}]},"2":{"line":9,"type":"if","locations":[{"start":{"line":9,"column":6},"end":{"line":9,"column":6}},{"start":{"line":9,"column":6},"end":{"line":9,"column":6}}]},"3":{"line":10,"type":"if","locations":[{"start":{"line":10,"column":6},"end":{"line":10,"column":6}},{"start":{"line":10,"column":6},"end":{"line":10,"column":6}}]},"4":{"line":16,"type":"if","locations":[{"start":{"line":16,"column":10},"end":{"line":16,"column":10}},{"start":{"line":16,"column":10},"end":{"line":16,"column":10}}]},"5":{"line":17,"type":"if","locations":[{"start":{"line":17,"column":10},"end":{"line":17,"column":10}},{"start":{"line":17,"column":10},"end":{"line":17,"column":10}}]},"6":{"line":63,"type":"if","locations":[{"start":{"line":63,"column":16},"end":{"line":63,"column":16}},{"start":{"line":63,"column":16},"end":{"line":63,"column":16}}]},"7":{"line":65,"type":"if","locations":[{"start":{"line":65,"column":16},"end":{"line":65,"column":16}},{"start":{"line":65,"column":16},"end":{"line":65,"column":16}}]}}},"/Users/pascal_sun/Google Drive/workplace/Github/MIT-year2/AigleWeb/Project2/sportpartner/app_server/routes/api.js":{"path":"/Users/pascal_sun/Google Drive/workplace/Github/MIT-year2/AigleWeb/Project2/sportpartner/app_server/routes/api.js","s":{"1":1,"2":1,"3":1,"4":1,"5":1},"b":{},"f":{},"fnMap":{},"statementMap":{"1":{"start":{"line":1,"column":0},"end":{"line":1,"column":33}},"2":{"start":{"line":2,"column":0},"end":{"line":2,"column":30}},"3":{"start":{"line":3,"column":0},"end":{"line":3,"column":39}},"4":{"start":{"line":7,"column":0},"end":{"line":7,"column":32}},"5":{"start":{"line":10,"column":0},"end":{"line":10,"column":24}}},"branchMap":{}},"/Users/pascal_sun/Google Drive/workplace/Github/MIT-year2/AigleWeb/Project2/sportpartner/app_server/controller/api.js":{"path":"/Users/pascal_sun/Google Drive/workplace/Github/MIT-year2/AigleWeb/Project2/sportpartner/app_server/controller/api.js","s":{"1":1,"2":1,"3":1,"4":1,"5":1,"6":0,"7":0,"8":0,"9":0,"10":0,"11":0,"12":0,"13":0,"14":0,"15":0,"16":0,"17":0,"18":0,"19":0,"20":0,"21":0,"22":0,"23":0,"24":0,"25":0,"26":0,"27":0,"28":0,"29":0,"30":0,"31":0,"32":0,"33":0,"34":0,"35":0,"36":0,"37":0,"38":0},"b":{"1":[0,0],"2":[0,0],"3":[0,0],"4":[0,0],"5":[0,0],"6":[0,0],"7":[0,0],"8":[0,0,0,0,0],"9":[0,0]},"f":{"1":0,"2":0,"3":0},"fnMap":{"1":{"name":"(anonymous_1)","line":12,"loc":{"start":{"line":12,"column":23},"end":{"line":12,"column":40}}},"2":{"name":"(anonymous_2)","line":35,"loc":{"start":{"line":35,"column":32},"end":{"line":35,"column":54}}},"3":{"name":"(anonymous_3)","line":85,"loc":{"start":{"line":85,"column":24},"end":{"line":85,"column":42}}}},"statementMap":{"1":{"start":{"line":1,"column":0},"end":{"line":1,"column":43}},"2":{"start":{"line":2,"column":0},"end":{"line":2,"column":44}},"3":{"start":{"line":3,"column":0},"end":{"line":9,"column":2}},"4":{"start":{"line":10,"column":0},"end":{"line":10,"column":37}},"5":{"start":{"line":12,"column":0},"end":{"line":106,"column":2}},"6":{"start":{"line":13,"column":2},"end":{"line":105,"column":3}},"7":{"start":{"line":14,"column":4},"end":{"line":14,"column":26}},"8":{"start":{"line":15,"column":4},"end":{"line":15,"column":26}},"9":{"start":{"line":17,"column":4},"end":{"line":17,"column":41}},"10":{"start":{"line":18,"column":4},"end":{"line":18,"column":45}},"11":{"start":{"line":19,"column":4},"end":{"line":19,"column":27}},"12":{"start":{"line":20,"column":4},"end":{"line":25,"column":5}},"13":{"start":{"line":21,"column":6},"end":{"line":21,"column":22}},"14":{"start":{"line":24,"column":6},"end":{"line":24,"column":40}},"15":{"start":{"line":26,"column":4},"end":{"line":26,"column":32}},"16":{"start":{"line":27,"column":4},"end":{"line":32,"column":5}},"17":{"start":{"line":28,"column":6},"end":{"line":28,"column":25}},"18":{"start":{"line":31,"column":6},"end":{"line":31,"column":47}},"19":{"start":{"line":33,"column":4},"end":{"line":33,"column":35}},"20":{"start":{"line":34,"column":4},"end":{"line":102,"column":5}},"21":{"start":{"line":35,"column":6},"end":{"line":99,"column":8}},"22":{"start":{"line":36,"column":8},"end":{"line":36,"column":26}},"23":{"start":{"line":36,"column":16},"end":{"line":36,"column":26}},"24":{"start":{"line":37,"column":8},"end":{"line":37,"column":60}},"25":{"start":{"line":38,"column":8},"end":{"line":38,"column":25}},"26":{"start":{"line":39,"column":8},"end":{"line":98,"column":9}},"27":{"start":{"line":40,"column":10},"end":{"line":40,"column":56}},"28":{"start":{"line":41,"column":10},"end":{"line":94,"column":11}},"29":{"start":{"line":43,"column":16},"end":{"line":90,"column":21}},"30":{"start":{"line":86,"column":20},"end":{"line":86,"column":38}},"31":{"start":{"line":87,"column":20},"end":{"line":87,"column":40}},"32":{"start":{"line":87,"column":29},"end":{"line":87,"column":40}},"33":{"start":{"line":88,"column":20},"end":{"line":88,"column":37}},"34":{"start":{"line":89,"column":20},"end":{"line":89,"column":59}},"35":{"start":{"line":93,"column":12},"end":{"line":93,"column":49}},"36":{"start":{"line":97,"column":10},"end":{"line":97,"column":38}},"37":{"start":{"line":101,"column":6},"end":{"line":101,"column":34}},"38":{"start":{"line":104,"column":4},"end":{"line":104,"column":30}}},"branchMap":{"1":{"line":13,"type":"if","locations":[{"start":{"line":13,"column":2},"end":{"line":13,"column":2}},{"start":{"line":13,"column":2},"end":{"line":13,"column":2}}]},"2":{"line":20,"type":"if","locations":[{"start":{"line":20,"column":4},"end":{"line":20,"column":4}},{"start":{"line":20,"column":4},"end":{"line":20,"column":4}}]},"3":{"line":27,"type":"if","locations":[{"start":{"line":27,"column":4},"end":{"line":27,"column":4}},{"start":{"line":27,"column":4},"end":{"line":27,"column":4}}]},"4":{"line":34,"type":"if","locations":[{"start":{"line":34,"column":4},"end":{"line":34,"column":4}},{"start":{"line":34,"column":4},"end":{"line":34,"column":4}}]},"5":{"line":36,"type":"if","locations":[{"start":{"line":36,"column":8},"end":{"line":36,"column":8}},{"start":{"line":36,"column":8},"end":{"line":36,"column":8}}]},"6":{"line":39,"type":"if","locations":[{"start":{"line":39,"column":8},"end":{"line":39,"column":8}},{"start":{"line":39,"column":8},"end":{"line":39,"column":8}}]},"7":{"line":41,"type":"if","locations":[{"start":{"line":41,"column":10},"end":{"line":41,"column":10}},{"start":{"line":41,"column":10},"end":{"line":41,"column":10}}]},"8":{"line":41,"type":"binary-expr","locations":[{"start":{"line":41,"column":14},"end":{"line":41,"column":21}},{"start":{"line":41,"column":25},"end":{"line":41,"column":34}},{"start":{"line":41,"column":38},"end":{"line":41,"column":41}},{"start":{"line":41,"column":45},"end":{"line":41,"column":51}},{"start":{"line":41,"column":55},"end":{"line":41,"column":62}}]},"9":{"line":87,"type":"if","locations":[{"start":{"line":87,"column":20},"end":{"line":87,"column":20}},{"start":{"line":87,"column":20},"end":{"line":87,"column":20}}]}}}}