TN:
SF:/Users/pascal_sun/Google Drive/workplace/Github/MIT-year2/AigleWeb/Project2/sportpartner/app_server/models/db.js
FN:12,(anonymous_1)
FN:15,(anonymous_2)
FN:18,(anonymous_3)
FN:22,(anonymous_4)
FN:23,(anonymous_5)
FNF:5
FNH:1
FNDA:1,(anonymous_1)
FNDA:0,(anonymous_2)
FNDA:0,(anonymous_3)
FNDA:0,(anonymous_4)
FNDA:0,(anonymous_5)
DA:1,1
DA:9,1
DA:10,1
DA:12,1
DA:13,1
DA:15,1
DA:16,0
DA:18,1
DA:19,0
DA:22,1
DA:23,0
DA:24,0
DA:25,0
DA:29,1
DA:30,1
DA:31,1
LF:16
LH:11
BRF:0
BRH:0
end_of_record
TN:
SF:/Users/pascal_sun/Google Drive/workplace/Github/MIT-year2/AigleWeb/Project2/sportpartner/app_server/models/profile.js
FNF:0
FNH:0
DA:1,1
DA:3,1
DA:14,1
LF:3
LH:3
BRF:0
BRH:0
end_of_record
TN:
SF:/Users/pascal_sun/Google Drive/workplace/Github/MIT-year2/AigleWeb/Project2/sportpartner/app_server/models/prefer.js
FNF:0
FNH:0
DA:1,1
DA:3,1
DA:12,1
LF:3
LH:3
BRF:0
BRH:0
end_of_record
TN:
SF:/Users/pascal_sun/Google Drive/workplace/Github/MIT-year2/AigleWeb/Project2/sportpartner/app_server/models/comments.js
FNF:0
FNH:0
DA:1,1
DA:3,1
DA:13,1
LF:3
LH:3
BRF:0
BRH:0
end_of_record
TN:
SF:/Users/pascal_sun/Google Drive/workplace/Github/MIT-year2/AigleWeb/Project2/sportpartner/app.js
FN:54,(anonymous_1)
FN:61,(anonymous_2)
FNF:2
FNH:2
FNDA:2,(anonymous_1)
FNDA:2,(anonymous_2)
DA:1,1
DA:2,1
DA:3,1
DA:4,1
DA:5,1
DA:6,1
DA:7,1
DA:9,1
DA:10,1
DA:12,1
DA:13,1
DA:14,1
DA:15,1
DA:16,1
DA:18,1
DA:20,1
DA:21,1
DA:24,1
DA:25,1
DA:29,1
DA:30,1
DA:31,1
DA:32,1
DA:33,1
DA:36,1
DA:37,1
DA:39,1
DA:41,1
DA:42,1
DA:43,1
DA:44,1
DA:45,1
DA:47,1
DA:48,1
DA:50,1
DA:51,1
DA:54,1
DA:55,2
DA:56,2
DA:57,2
DA:61,1
DA:63,2
DA:67,2
DA:68,2
DA:71,1
LF:45
LH:45
BRDA:67,1,0,2
BRDA:67,1,1,0
BRF:2
BRH:1
end_of_record
TN:
SF:/Users/pascal_sun/Google Drive/workplace/Github/MIT-year2/AigleWeb/Project2/sportpartner/app_server/routes/index.js
FN:9,(anonymous_1)
FN:13,(anonymous_2)
FN:18,(anonymous_3)
FN:23,(anonymous_4)
FN:27,(anonymous_5)
FN:46,(anonymous_6)
FN:52,(anonymous_7)
FN:53,(anonymous_8)
FN:57,(anonymous_9)
FN:72,(anonymous_10)
FN:78,(anonymous_11)
FN:83,(anonymous_12)
FN:87,(anonymous_13)
FN:89,(anonymous_14)
FN:100,(anonymous_15)
FNF:15
FNH:11
FNDA:1,(anonymous_1)
FNDA:1,(anonymous_2)
FNDA:1,(anonymous_3)
FNDA:2,(anonymous_4)
FNDA:1,(anonymous_5)
FNDA:1,(anonymous_6)
FNDA:3,(anonymous_7)
FNDA:3,(anonymous_8)
FNDA:1,(anonymous_9)
FNDA:1,(anonymous_10)
FNDA:1,(anonymous_11)
FNDA:0,(anonymous_12)
FNDA:0,(anonymous_13)
FNDA:0,(anonymous_14)
FNDA:0,(anonymous_15)
DA:1,1
DA:2,1
DA:3,1
DA:5,1
DA:6,1
DA:9,1
DA:10,1
DA:13,1
DA:14,1
DA:18,1
DA:19,1
DA:23,1
DA:24,2
DA:25,2
DA:27,1
DA:28,1
DA:30,1
DA:34,0
DA:35,0
DA:40,1
DA:41,1
DA:46,1
DA:47,1
DA:52,1
DA:53,3
DA:54,3
DA:55,3
DA:57,1
DA:58,1
DA:59,0
DA:62,1
DA:72,1
DA:73,1
DA:74,1
DA:78,1
DA:79,1
DA:83,1
DA:85,0
DA:86,0
DA:87,0
DA:88,0
DA:89,0
DA:90,0
DA:91,0
DA:92,0
DA:97,0
DA:98,0
DA:101,0
DA:105,0
DA:110,0
DA:115,1
LF:51
LH:35
BRDA:25,1,0,1
BRDA:25,1,1,1
BRDA:25,2,0,2
BRDA:25,2,1,1
BRDA:28,3,0,1
BRDA:28,3,1,0
BRDA:54,4,0,0
BRDA:54,4,1,3
BRDA:55,5,0,2
BRDA:55,5,1,1
BRDA:58,6,0,0
BRDA:58,6,1,1
BRDA:85,7,0,0
BRDA:85,7,1,0
BRDA:86,8,0,0
BRDA:86,8,1,0
BRDA:88,9,0,0
BRDA:88,9,1,0
BRF:18
BRH:9
end_of_record
TN:
SF:/Users/pascal_sun/Google Drive/workplace/Github/MIT-year2/AigleWeb/Project2/sportpartner/app_server/models/account.js
FNF:0
FNH:0
DA:1,1
DA:3,1
DA:4,1
DA:6,1
DA:11,1
DA:12,1
LF:6
LH:6
BRF:0
BRH:0
end_of_record
TN:
SF:/Users/pascal_sun/Google Drive/workplace/Github/MIT-year2/AigleWeb/Project2/sportpartner/app_server/routes/users.js
FNF:0
FNH:0
DA:1,1
DA:2,1
DA:3,1
DA:4,1
DA:6,1
DA:9,1
DA:12,1
DA:15,1
DA:18,1
DA:21,1
DA:23,1
LF:11
LH:11
BRF:0
BRH:0
end_of_record
TN:
SF:/Users/pascal_sun/Google Drive/workplace/Github/MIT-year2/AigleWeb/Project2/sportpartner/app_server/controller/profile.js
FN:26,(anonymous_1)
FN:28,(anonymous_2)
FN:47,(anonymous_3)
FN:50,(anonymous_4)
FN:56,(anonymous_5)
FN:87,(anonymous_6)
FN:89,(anonymous_7)
FN:95,(anonymous_8)
FN:127,(anonymous_9)
FN:144,(anonymous_10)
FN:161,(anonymous_11)
FN:176,(anonymous_12)
FNF:12
FNH:1
FNDA:1,(anonymous_1)
FNDA:0,(anonymous_2)
FNDA:0,(anonymous_3)
FNDA:0,(anonymous_4)
FNDA:0,(anonymous_5)
FNDA:0,(anonymous_6)
FNDA:0,(anonymous_7)
FNDA:0,(anonymous_8)
FNDA:0,(anonymous_9)
FNDA:0,(anonymous_10)
FNDA:0,(anonymous_11)
FNDA:0,(anonymous_12)
DA:1,1
DA:2,1
DA:3,1
DA:10,1
DA:26,1
DA:27,1
DA:28,0
DA:29,0
DA:30,0
DA:31,0
DA:32,0
DA:35,0
DA:36,0
DA:41,1
DA:47,1
DA:49,0
DA:50,0
DA:51,0
DA:52,0
DA:54,0
DA:56,0
DA:57,0
DA:58,0
DA:59,0
DA:60,0
DA:61,0
DA:62,0
DA:65,0
DA:71,0
DA:72,0
DA:78,0
DA:87,1
DA:88,0
DA:89,0
DA:90,0
DA:91,0
DA:93,0
DA:95,0
DA:96,0
DA:97,0
DA:98,0
DA:99,0
DA:100,0
DA:102,0
DA:105,0
DA:111,0
DA:112,0
DA:117,0
DA:127,1
DA:128,0
DA:129,0
DA:130,0
DA:133,0
DA:134,0
DA:135,0
DA:136,0
DA:137,0
DA:138,0
DA:139,0
DA:140,0
DA:141,0
DA:144,0
DA:145,0
DA:146,0
DA:147,0
DA:148,0
DA:149,0
DA:150,0
DA:152,0
DA:162,0
DA:164,0
DA:165,0
DA:168,0
DA:176,0
DA:177,0
DA:178,0
DA:183,0
DA:187,0
DA:192,0
DA:197,0
LF:80
LH:10
BRDA:27,1,0,0
BRDA:27,1,1,1
BRDA:29,2,0,0
BRDA:29,2,1,0
BRDA:30,3,0,0
BRDA:30,3,1,0
BRDA:49,4,0,0
BRDA:49,4,1,0
BRDA:51,5,0,0
BRDA:51,5,1,0
BRDA:52,6,0,0
BRDA:52,6,1,0
BRDA:57,7,0,0
BRDA:57,7,1,0
BRDA:61,8,0,0
BRDA:61,8,1,0
BRDA:88,9,0,0
BRDA:88,9,1,0
BRDA:90,10,0,0
BRDA:90,10,1,0
BRDA:91,11,0,0
BRDA:91,11,1,0
BRDA:96,12,0,0
BRDA:96,12,1,0
BRDA:100,13,0,0
BRDA:100,13,1,0
BRDA:128,14,0,0
BRDA:128,14,1,0
BRDA:141,15,0,0
BRDA:141,15,1,0
BRDA:141,16,0,0
BRDA:141,16,1,0
BRDA:141,16,2,0
BRDA:141,16,3,0
BRDA:141,16,4,0
BRDA:141,16,5,0
BRDA:141,16,6,0
BRDA:145,17,0,0
BRDA:145,17,1,0
BRDA:150,18,0,0
BRDA:150,18,1,0
BRDA:162,19,0,0
BRDA:162,19,1,0
BRDA:164,20,0,0
BRDA:164,20,1,0
BRDA:177,21,0,0
BRDA:177,21,1,0
BRF:47
BRH:1
end_of_record
TN:
SF:/Users/pascal_sun/Google Drive/workplace/Github/MIT-year2/AigleWeb/Project2/sportpartner/app_server/controller/prefer.js
FN:4,(anonymous_1)
FN:7,(anonymous_2)
FN:30,(anonymous_3)
FN:50,(anonymous_4)
FN:64,(anonymous_5)
FNF:5
FNH:0
FNDA:0,(anonymous_1)
FNDA:0,(anonymous_2)
FNDA:0,(anonymous_3)
FNDA:0,(anonymous_4)
FNDA:0,(anonymous_5)
DA:1,1
DA:4,1
DA:5,0
DA:7,0
DA:8,0
DA:9,0
DA:10,0
DA:11,0
DA:12,0
DA:15,0
DA:19,0
DA:20,0
DA:25,0
DA:30,1
DA:31,0
DA:32,0
DA:36,0
DA:37,0
DA:38,0
DA:39,0
DA:40,0
DA:42,0
DA:43,0
DA:51,0
DA:53,0
DA:54,0
DA:57,0
DA:64,0
DA:65,0
DA:66,0
DA:69,0
DA:73,0
DA:77,0
LF:33
LH:3
BRDA:5,1,0,0
BRDA:5,1,1,0
BRDA:8,2,0,0
BRDA:8,2,1,0
BRDA:9,3,0,0
BRDA:9,3,1,0
BRDA:11,4,0,0
BRDA:11,4,1,0
BRDA:31,5,0,0
BRDA:31,5,1,0
BRDA:42,6,0,0
BRDA:42,6,1,0
BRDA:42,7,0,0
BRDA:42,7,1,0
BRDA:42,7,2,0
BRDA:42,7,3,0
BRDA:42,7,4,0
BRDA:51,8,0,0
BRDA:51,8,1,0
BRDA:53,9,0,0
BRDA:53,9,1,0
BRDA:65,10,0,0
BRDA:65,10,1,0
BRF:23
BRH:0
end_of_record
TN:
SF:/Users/pascal_sun/Google Drive/workplace/Github/MIT-year2/AigleWeb/Project2/sportpartner/app_server/routes/views.js
FNF:0
FNH:0
DA:1,1
DA:2,1
DA:3,1
DA:4,1
DA:6,1
DA:9,1
DA:12,1
DA:15,1
DA:17,1
LF:9
LH:9
BRF:0
BRH:0
end_of_record
TN:
SF:/Users/pascal_sun/Google Drive/workplace/Github/MIT-year2/AigleWeb/Project2/sportpartner/app_server/controller/views.js
FN:15,(anonymous_1)
FN:36,(anonymous_2)
FN:43,(anonymous_3)
FN:48,(anonymous_4)
FN:76,(anonymous_5)
FN:98,(anonymous_6)
FN:111,(anonymous_7)
FN:128,(anonymous_8)
FNF:8
FNH:0
FNDA:0,(anonymous_1)
FNDA:0,(anonymous_2)
FNDA:0,(anonymous_3)
FNDA:0,(anonymous_4)
FNDA:0,(anonymous_5)
FNDA:0,(anonymous_6)
FNDA:0,(anonymous_7)
FNDA:0,(anonymous_8)
DA:1,1
DA:2,1
DA:3,1
DA:4,1
DA:5,1
DA:6,1
DA:13,1
DA:15,1
DA:17,0
DA:18,0
DA:20,0
DA:22,0
DA:23,0
DA:28,0
DA:29,0
DA:32,0
DA:33,0
DA:34,0
DA:36,0
DA:38,0
DA:40,0
DA:42,0
DA:43,0
DA:44,0
DA:45,0
DA:47,0
DA:48,0
DA:49,0
DA:50,0
DA:51,0
DA:52,0
DA:53,0
DA:57,0
DA:63,0
DA:69,0
DA:76,0
DA:77,0
DA:78,0
DA:84,0
DA:90,0
DA:94,0
DA:98,1
DA:99,0
DA:100,0
DA:101,0
DA:110,0
DA:111,0
DA:112,0
DA:113,0
DA:127,0
DA:128,0
DA:129,0
DA:134,0
LF:53
LH:9
BRDA:17,1,0,0
BRDA:17,1,1,0
BRDA:20,2,0,0
BRDA:20,2,1,0
BRDA:22,3,0,0
BRDA:22,3,1,0
BRDA:38,4,0,0
BRDA:38,4,1,0
BRDA:42,5,0,0
BRDA:42,5,1,0
BRDA:44,6,0,0
BRDA:44,6,1,0
BRDA:47,7,0,0
BRDA:47,7,1,0
BRDA:52,8,0,0
BRDA:52,8,1,0
BRDA:77,9,0,0
BRDA:77,9,1,0
BRDA:99,10,0,0
BRDA:99,10,1,0
BRDA:101,11,0,0
BRDA:101,11,1,0
BRF:22
BRH:0
end_of_record
TN:
SF:/Users/pascal_sun/Google Drive/workplace/Github/MIT-year2/AigleWeb/Project2/sportpartner/app_server/models/views.js
FNF:0
FNH:0
DA:1,1
DA:3,1
DA:12,1
LF:3
LH:3
BRF:0
BRH:0
end_of_record
TN:
SF:/Users/pascal_sun/Google Drive/workplace/Github/MIT-year2/AigleWeb/Project2/sportpartner/app_server/controller/comments.js
FN:6,(anonymous_1)
FN:11,(anonymous_2)
FN:17,(anonymous_3)
FN:54,(anonymous_4)
FN:57,(anonymous_5)
FN:86,(anonymous_6)
FN:89,(anonymous_7)
FN:109,(anonymous_8)
FN:126,(anonymous_9)
FN:145,(anonymous_10)
FNF:10
FNH:0
FNDA:0,(anonymous_1)
FNDA:0,(anonymous_2)
FNDA:0,(anonymous_3)
FNDA:0,(anonymous_4)
FNDA:0,(anonymous_5)
FNDA:0,(anonymous_6)
FNDA:0,(anonymous_7)
FNDA:0,(anonymous_8)
FNDA:0,(anonymous_9)
FNDA:0,(anonymous_10)
DA:1,1
DA:2,1
DA:3,1
DA:6,1
DA:7,0
DA:8,0
DA:9,0
DA:11,0
DA:12,0
DA:14,0
DA:15,0
DA:16,0
DA:17,0
DA:18,0
DA:19,0
DA:20,0
DA:23,0
DA:28,0
DA:34,0
DA:35,0
DA:55,0
DA:57,0
DA:58,0
DA:59,0
DA:60,0
DA:63,0
DA:68,0
DA:87,0
DA:89,0
DA:90,0
DA:91,0
DA:92,0
DA:94,0
DA:96,0
DA:103,0
DA:109,1
DA:110,0
DA:111,0
DA:112,0
DA:115,0
DA:116,0
DA:117,0
DA:119,0
DA:126,0
DA:127,0
DA:128,0
DA:131,0
DA:138,0
DA:145,0
DA:146,0
DA:147,0
DA:149,0
DA:153,0
DA:156,0
DA:161,0
LF:55
LH:5
BRDA:7,1,0,0
BRDA:7,1,1,0
BRDA:9,2,0,0
BRDA:9,2,1,0
BRDA:12,3,0,0
BRDA:12,3,1,0
BRDA:14,4,0,0
BRDA:14,4,1,0
BRDA:18,5,0,0
BRDA:18,5,1,0
BRDA:34,6,0,0
BRDA:34,6,1,0
BRDA:55,7,0,0
BRDA:55,7,1,0
BRDA:87,8,0,0
BRDA:87,8,1,0
BRDA:110,9,0,0
BRDA:110,9,1,0
BRDA:117,10,0,0
BRDA:117,10,1,0
BRDA:127,11,0,0
BRDA:127,11,1,0
BRDA:146,12,0,0
BRDA:146,12,1,0
BRF:24
BRH:0
end_of_record
TN:
SF:/Users/pascal_sun/Google Drive/workplace/Github/MIT-year2/AigleWeb/Project2/sportpartner/app_server/routes/match.js
FNF:0
FNH:0
DA:1,1
DA:2,1
DA:3,1
DA:6,1
DA:8,1
LF:5
LH:5
BRF:0
BRH:0
end_of_record
TN:
SF:/Users/pascal_sun/Google Drive/workplace/Github/MIT-year2/AigleWeb/Project2/sportpartner/app_server/controller/match.js
FN:6,(anonymous_1)
FN:8,(anonymous_2)
FN:15,(anonymous_3)
FN:62,(anonymous_4)
FNF:4
FNH:1
FNDA:1,(anonymous_1)
FNDA:0,(anonymous_2)
FNDA:0,(anonymous_3)
FNDA:0,(anonymous_4)
DA:1,1
DA:2,1
DA:3,1
DA:6,1
DA:7,1
DA:8,0
DA:9,0
DA:10,0
DA:11,0
DA:12,0
DA:13,0
DA:14,0
DA:15,0
DA:16,0
DA:17,0
DA:18,0
DA:19,0
DA:20,0
DA:63,0
DA:64,0
DA:65,0
DA:67,0
DA:71,0
DA:76,0
DA:81,0
DA:86,1
LF:26
LH:6
BRDA:7,1,0,0
BRDA:7,1,1,1
BRDA:9,2,0,0
BRDA:9,2,1,0
BRDA:10,3,0,0
BRDA:10,3,1,0
BRDA:16,4,0,0
BRDA:16,4,1,0
BRDA:17,5,0,0
BRDA:17,5,1,0
BRDA:63,6,0,0
BRDA:63,6,1,0
BRDA:65,7,0,0
BRDA:65,7,1,0
BRF:14
BRH:1
end_of_record
TN:
SF:/Users/pascal_sun/Google Drive/workplace/Github/MIT-year2/AigleWeb/Project2/sportpartner/app_server/routes/api.js
FNF:0
FNH:0
DA:1,1
DA:2,1
DA:3,1
DA:7,1
DA:10,1
LF:5
LH:5
BRF:0
BRH:0
end_of_record
TN:
SF:/Users/pascal_sun/Google Drive/workplace/Github/MIT-year2/AigleWeb/Project2/sportpartner/app_server/controller/api.js
FN:12,(anonymous_1)
FN:35,(anonymous_2)
FN:85,(anonymous_3)
FNF:3
FNH:0
FNDA:0,(anonymous_1)
FNDA:0,(anonymous_2)
FNDA:0,(anonymous_3)
DA:1,1
DA:2,1
DA:3,1
DA:10,1
DA:12,1
DA:13,0
DA:14,0
DA:15,0
DA:17,0
DA:18,0
DA:19,0
DA:20,0
DA:21,0
DA:24,0
DA:26,0
DA:27,0
DA:28,0
DA:31,0
DA:33,0
DA:34,0
DA:35,0
DA:36,0
DA:37,0
DA:38,0
DA:39,0
DA:40,0
DA:41,0
DA:43,0
DA:86,0
DA:87,0
DA:88,0
DA:89,0
DA:93,0
DA:97,0
DA:101,0
DA:104,0
LF:36
LH:5
BRDA:13,1,0,0
BRDA:13,1,1,0
BRDA:20,2,0,0
BRDA:20,2,1,0
BRDA:27,3,0,0
BRDA:27,3,1,0
BRDA:34,4,0,0
BRDA:34,4,1,0
BRDA:36,5,0,0
BRDA:36,5,1,0
BRDA:39,6,0,0
BRDA:39,6,1,0
BRDA:41,7,0,0
BRDA:41,7,1,0
BRDA:41,8,0,0
BRDA:41,8,1,0
BRDA:41,8,2,0
BRDA:41,8,3,0
BRDA:41,8,4,0
BRDA:87,9,0,0
BRDA:87,9,1,0
BRF:21
BRH:0
end_of_record
